\BOOKMARK [1][-]{section.1}{\376\377\000I\000n\000t\000r\000o\000d\000u\000c\000c\000i\000\363\000n}{}% 1
\BOOKMARK [1][-]{section.2}{\376\377\000O\000b\000j\000e\000t\000i\000v\000o\000s}{}% 2
\BOOKMARK [2][-]{subsection.2.1}{\376\377\000O\000b\000j\000e\000t\000i\000v\000o\000\040\000g\000e\000n\000e\000r\000a\000l}{section.2}% 3
\BOOKMARK [2][-]{subsection.2.2}{\376\377\000O\000b\000j\000e\000t\000i\000v\000o\000s\000\040\000e\000s\000p\000e\000c\000\355\000f\000i\000c\000o\000s}{section.2}% 4
\BOOKMARK [1][-]{section.3}{\376\377\000M\000a\000r\000c\000o\000\040\000t\000e\000\363\000r\000i\000c\000o}{}% 5
\BOOKMARK [2][-]{subsection.3.1}{\376\377\000M\000\351\000t\000o\000d\000o\000s\000\040\000i\000t\000e\000r\000a\000t\000i\000v\000o\000s}{section.3}% 6
\BOOKMARK [2][-]{subsection.3.2}{\376\377\000C\000o\000n\000v\000e\000r\000g\000e\000n\000c\000i\000a\000\040\000y\000\040\000e\000r\000r\000o\000r}{section.3}% 7
\BOOKMARK [2][-]{subsection.3.3}{\376\377\000O\000r\000d\000e\000n\000\040\000d\000e\000\040\000c\000o\000n\000v\000e\000r\000g\000e\000n\000c\000i\000a}{section.3}% 8
\BOOKMARK [2][-]{subsection.3.4}{\376\377\000D\000e\000s\000c\000r\000i\000p\000c\000i\000\363\000n\000\040\000m\000a\000t\000e\000m\000\341\000t\000i\000c\000a\000\040\000d\000e\000\040\000l\000o\000s\000\040\000m\000\351\000t\000o\000d\000o\000s}{section.3}% 9
\BOOKMARK [3][-]{subsubsection.3.4.1}{\376\377\000M\000\351\000t\000o\000d\000o\000\040\000d\000e\000\040\000P\000u\000n\000t\000o\000\040\000F\000i\000j\000o}{subsection.3.4}% 10
\BOOKMARK [3][-]{subsubsection.3.4.2}{\376\377\000M\000\351\000t\000o\000d\000o\000\040\000d\000e\000\040\000B\000i\000s\000e\000c\000c\000i\000\363\000n}{subsection.3.4}% 11
\BOOKMARK [3][-]{subsubsection.3.4.3}{\376\377\000M\000\351\000t\000o\000d\000o\000\040\000d\000e\000\040\000R\000e\000g\000l\000a\000\040\000F\000a\000l\000s\000a}{subsection.3.4}% 12
\BOOKMARK [3][-]{subsubsection.3.4.4}{\376\377\000M\000\351\000t\000o\000d\000o\000\040\000d\000e\000\040\000N\000e\000w\000t\000o\000n\040\023\000R\000a\000p\000h\000s\000o\000n}{subsection.3.4}% 13
\BOOKMARK [3][-]{subsubsection.3.4.5}{\376\377\000M\000\351\000t\000o\000d\000o\000\040\000d\000e\000\040\000l\000a\000\040\000S\000e\000c\000a\000n\000t\000e}{subsection.3.4}% 14
\BOOKMARK [1][-]{section.4}{\376\377\000D\000e\000s\000c\000r\000i\000p\000c\000i\000\363\000n\000\040\000d\000e\000l\000\040\000s\000i\000s\000t\000e\000m\000a\000\040\000d\000e\000s\000a\000r\000r\000o\000l\000l\000a\000d\000o}{}% 15
\BOOKMARK [2][-]{subsection.4.1}{\376\377\000T\000e\000c\000n\000o\000l\000o\000g\000\355\000a\000s\000\040\000u\000t\000i\000l\000i\000z\000a\000d\000a\000s}{section.4}% 16
\BOOKMARK [2][-]{subsection.4.2}{\376\377\000E\000s\000t\000r\000u\000c\000t\000u\000r\000a\000\040\000g\000e\000n\000e\000r\000a\000l\000\040\000d\000e\000\040\000l\000a\000\040\000a\000p\000l\000i\000c\000a\000c\000i\000\363\000n}{section.4}% 17
\BOOKMARK [2][-]{subsection.4.3}{\376\377\000I\000n\000t\000e\000r\000f\000a\000z\000\040\000g\000r\000\341\000f\000i\000c\000a}{section.4}% 18
\BOOKMARK [1][-]{section.5}{\376\377\000M\000e\000t\000o\000d\000o\000l\000o\000g\000\355\000a\000\040\000y\000\040\000c\000a\000s\000o\000s\000\040\000d\000e\000\040\000e\000s\000t\000u\000d\000i\000o}{}% 19
\BOOKMARK [2][-]{subsection.5.1}{\376\377\000F\000u\000n\000c\000i\000o\000n\000e\000s\000\040\000d\000e\000\040\000p\000r\000u\000e\000b\000a}{section.5}% 20
\BOOKMARK [2][-]{subsection.5.2}{\376\377\000P\000a\000r\000\341\000m\000e\000t\000r\000o\000s\000\040\000i\000n\000i\000c\000i\000a\000l\000e\000s}{section.5}% 21
\BOOKMARK [1][-]{section.6}{\376\377\000R\000e\000s\000u\000l\000t\000a\000d\000o\000s\000\040\000y\000\040\000a\000n\000\341\000l\000i\000s\000i\000s}{}% 22
\BOOKMARK [2][-]{subsection.6.1}{\376\377\000E\000r\000r\000o\000r\000\040\000v\000s\000\040\000n\000\372\000m\000e\000r\000o\000\040\000d\000e\000\040\000i\000t\000e\000r\000a\000c\000i\000o\000n\000e\000s}{section.6}% 23
\BOOKMARK [2][-]{subsection.6.2}{\376\377\000\323\000r\000d\000e\000n\000e\000s\000\040\000d\000e\000\040\000c\000o\000n\000v\000e\000r\000g\000e\000n\000c\000i\000a\000\040\000e\000s\000t\000i\000m\000a\000d\000o\000s}{section.6}% 24
\BOOKMARK [2][-]{subsection.6.3}{\376\377\000E\000f\000i\000c\000i\000e\000n\000c\000i\000a\000\040\000c\000o\000m\000p\000u\000t\000a\000c\000i\000o\000n\000a\000l}{section.6}% 25
\BOOKMARK [2][-]{subsection.6.4}{\376\377\000C\000o\000m\000p\000a\000r\000a\000c\000i\000\363\000n\000\040\000g\000l\000o\000b\000a\000l}{section.6}% 26
\BOOKMARK [1][-]{section.7}{\376\377\000V\000a\000l\000i\000d\000a\000c\000i\000\363\000n}{}% 27
\BOOKMARK [2][-]{subsection.7.1}{\376\377\000C\000o\000m\000p\000a\000r\000a\000c\000i\000\363\000n\000\040\000c\000o\000n\000\040\000v\000a\000l\000o\000r\000e\000s\000\040\000e\000x\000a\000c\000t\000o\000s}{section.7}% 28
\BOOKMARK [2][-]{subsection.7.2}{\376\377\000D\000i\000s\000c\000u\000s\000i\000\363\000n\000\040\000s\000o\000b\000r\000e\000\040\000e\000s\000t\000a\000b\000i\000l\000i\000d\000a\000d\000\040\000y\000\040\000r\000o\000b\000u\000s\000t\000e\000z}{section.7}% 29
\BOOKMARK [1][-]{section.8}{\376\377\000C\000o\000n\000c\000l\000u\000s\000i\000o\000n\000e\000s}{}% 30
\BOOKMARK [1][-]{section.9}{\376\377\000B\000i\000b\000l\000i\000o\000g\000r\000a\000f\000\355\000a}{}% 31
